Determining if the pthread_create exist failed with the following output:
Change Dir: /home/banban/workspace/jiangxinyu_ws/ros_ws/build/CMakeFiles/CMakeTmp

Run Build Command:"/usr/bin/make" "cmTC_496bc/fast"
/usr/bin/make -f CMakeFiles/cmTC_496bc.dir/build.make CMakeFiles/cmTC_496bc.dir/build
make[1]: 进入目录“/home/banban/workspace/jiangxinyu_ws/ros_ws/build/CMakeFiles/CMakeTmp”
Building C object CMakeFiles/cmTC_496bc.dir/CheckSymbolExists.c.o
/usr/bin/cc    -o CMakeFiles/cmTC_496bc.dir/CheckSymbolExists.c.o   -c /home/banban/workspace/jiangxinyu_ws/ros_ws/build/CMakeFiles/CMakeTmp/CheckSymbolExists.c
Linking C executable cmTC_496bc
/usr/bin/cmake -E cmake_link_script CMakeFiles/cmTC_496bc.dir/link.txt --verbose=1
/usr/bin/cc      -rdynamic CMakeFiles/cmTC_496bc.dir/CheckSymbolExists.c.o  -o cmTC_496bc 
CMakeFiles/cmTC_496bc.dir/CheckSymbolExists.c.o：在函数‘main’中：
CheckSymbolExists.c:(.text+0x1b)：对‘pthread_create’未定义的引用
collect2: error: ld returned 1 exit status
CMakeFiles/cmTC_496bc.dir/build.make:97: recipe for target 'cmTC_496bc' failed
make[1]: *** [cmTC_496bc] Error 1
make[1]: 离开目录“/home/banban/workspace/jiangxinyu_ws/ros_ws/build/CMakeFiles/CMakeTmp”
Makefile:126: recipe for target 'cmTC_496bc/fast' failed
make: *** [cmTC_496bc/fast] Error 2

File /home/banban/workspace/jiangxinyu_ws/ros_ws/build/CMakeFiles/CMakeTmp/CheckSymbolExists.c:
/* */
#include <pthread.h>

int main(int argc, char** argv)
{
  (void)argv;
#ifndef pthread_create
  return ((int*)(&pthread_create))[argc];
#else
  (void)argc;
  return 0;
#endif
}

Determining if the function pthread_create exists in the pthreads failed with the following output:
Change Dir: /home/banban/workspace/jiangxinyu_ws/ros_ws/build/CMakeFiles/CMakeTmp

Run Build Command:"/usr/bin/make" "cmTC_07961/fast"
/usr/bin/make -f CMakeFiles/cmTC_07961.dir/build.make CMakeFiles/cmTC_07961.dir/build
make[1]: 进入目录“/home/banban/workspace/jiangxinyu_ws/ros_ws/build/CMakeFiles/CMakeTmp”
Building C object CMakeFiles/cmTC_07961.dir/CheckFunctionExists.c.o
/usr/bin/cc   -DCHECK_FUNCTION_EXISTS=pthread_create   -o CMakeFiles/cmTC_07961.dir/CheckFunctionExists.c.o   -c /usr/share/cmake-3.10/Modules/CheckFunctionExists.c
Linking C executable cmTC_07961
/usr/bin/cmake -E cmake_link_script CMakeFiles/cmTC_07961.dir/link.txt --verbose=1
/usr/bin/cc  -DCHECK_FUNCTION_EXISTS=pthread_create    -rdynamic CMakeFiles/cmTC_07961.dir/CheckFunctionExists.c.o  -o cmTC_07961 -lpthreads 
/usr/bin/ld: 找不到 -lpthreads
collect2: error: ld returned 1 exit status
CMakeFiles/cmTC_07961.dir/build.make:97: recipe for target 'cmTC_07961' failed
make[1]: *** [cmTC_07961] Error 1
make[1]: 离开目录“/home/banban/workspace/jiangxinyu_ws/ros_ws/build/CMakeFiles/CMakeTmp”
Makefile:126: recipe for target 'cmTC_07961/fast' failed
make: *** [cmTC_07961/fast] Error 2


